{
  "RSpec": {
    "coverage": {
      "/Users/mfenner/Documents/git/omniauth-jwt-otp/lib/omniauth-jwt-otp.rb": [
        1
      ],
      "/Users/mfenner/Documents/git/omniauth-jwt-otp/lib/strategies/jwt_otp.rb": [
        1,
        null,
        1,
        1,
        1,
        1,
        null,
        1,
        null,
        1,
        1,
        1,
        1,
        1,
        null,
        1,
        0,
        null,
        null,
        1,
        0,
        null,
        null,
        null,
        1,
        0,
        0,
        null,
        null,
        0,
        null,
        null,
        0,
        null,
        null,
        0,
        0,
        null,
        null,
        0,
        null,
        null,
        1,
        0,
        null,
        0,
        null,
        null,
        1,
        null,
        1,
        0,
        null,
        null,
        1,
        0,
        0,
        0,
        null,
        null,
        null,
        null,
        null
      ]
    },
    "timestamp": 1500286357
  }
}
